<?xml version="1.0" encoding="UTF-8"?>
<testng-results total="2" passed="2" failed="0" skipped="0">
  <reporter-output>
  </reporter-output>
  <suite started-at="2026-01-01T13:12:22Z" name="Default suite" finished-at="2026-01-01T13:15:39Z" duration-ms="197175">
    <groups>
    </groups>
    <test started-at="2026-01-01T13:12:22Z" name="Default test" finished-at="2026-01-01T13:15:39Z" duration-ms="197175">
      <class name="Mobile_App.appDemo.LoginPage">
        <test-method is-config="true" signature="setUp()[pri:0, instance:Mobile_App.appDemo.LoginPage@327bcebd]" started-at="2026-01-01T18:42:22Z" name="setUp" finished-at="2026-01-01T18:42:33Z" duration-ms="11168" status="PASS">
          <reporter-output>
          </reporter-output>
        </test-method> <!-- setUp -->
        <test-method signature="validateMobileNumberInDB()[pri:1, instance:Mobile_App.appDemo.LoginPage@327bcebd]" started-at="2026-01-01T18:42:33Z" name="validateMobileNumberInDB" finished-at="2026-01-01T18:42:37Z" duration-ms="4173" status="PASS">
          <reporter-output>
          </reporter-output>
        </test-method> <!-- validateMobileNumberInDB -->
        <test-method signature="verifyLogin()[pri:2, instance:Mobile_App.appDemo.LoginPage@327bcebd]" started-at="2026-01-01T18:42:37Z" name="verifyLogin" finished-at="2026-01-01T18:45:38Z" duration-ms="181175" status="PASS">
          <reporter-output>
          </reporter-output>
        </test-method> <!-- verifyLogin -->
        <test-method is-config="true" signature="tearDown()[pri:0, instance:Mobile_App.appDemo.LoginPage@327bcebd]" started-at="2026-01-01T18:45:38Z" name="tearDown" finished-at="2026-01-01T18:45:39Z" duration-ms="627" status="PASS">
          <reporter-output>
          </reporter-output>
        </test-method> <!-- tearDown -->
      </class> <!-- Mobile_App.appDemo.LoginPage -->
    </test> <!-- Default test -->
  </suite> <!-- Default suite -->
</testng-results>
