<?xml version="1.0" encoding="UTF-8"?>
<testng-results total="1" passed="1" failed="0" skipped="0">
  <reporter-output>
  </reporter-output>
  <suite started-at="2025-12-26T13:15:04Z" name="Default suite" finished-at="2025-12-26T13:17:48Z" duration-ms="163889">
    <groups>
    </groups>
    <test started-at="2025-12-26T13:15:04Z" name="Default test" finished-at="2025-12-26T13:17:48Z" duration-ms="163889">
      <class name="Mobile_App.appDemo.LoginPage">
        <test-method is-config="true" signature="setUp()[pri:0, instance:Mobile_App.appDemo.LoginPage@1e44b638]" started-at="2025-12-26T18:45:04Z" name="setUp" finished-at="2025-12-26T18:45:17Z" duration-ms="12773" status="PASS">
          <reporter-output>
          </reporter-output>
        </test-method> <!-- setUp -->
        <test-method signature="verifyLogin()[pri:0, instance:Mobile_App.appDemo.LoginPage@1e44b638]" started-at="2025-12-26T18:45:17Z" name="verifyLogin" finished-at="2025-12-26T18:47:48Z" duration-ms="151070" status="PASS">
          <reporter-output>
          </reporter-output>
        </test-method> <!-- verifyLogin -->
      </class> <!-- Mobile_App.appDemo.LoginPage -->
    </test> <!-- Default test -->
  </suite> <!-- Default suite -->
</testng-results>
