<?xml version="1.0" encoding="UTF-8"?>
<!-- Generated by org.testng.reporters.JUnitReportReporter -->
<testsuite hostname="LAPTOP-5ULR2249" failures="0" tests="5" name="Mobile_App.appDemo.Welcome_Page" time="33.466" errors="0" timestamp="31 Dec 2025 11:18:54 GMT">
  <testcase classname="Mobile_App.appDemo.Welcome_Page" name="verifyLogo" time="1.779"/>
  <testcase classname="Mobile_App.appDemo.Welcome_Page" name="verifyLoginBtnEnabled" time="30.265"/>
  <testcase classname="Mobile_App.appDemo.Welcome_Page" name="verifyLoginBtnVisible" time="0.949"/>
  <testcase classname="Mobile_App.appDemo.Welcome_Page" name="verifyWelcomeText" time="0.232"/>
  <testcase classname="Mobile_App.appDemo.Welcome_Page" name="verifySignUpBtnVisible" time="0.241"/>
</testsuite> <!-- Mobile_App.appDemo.Welcome_Page -->
