<?xml version="1.0" encoding="UTF-8"?>
<!-- Generated by org.testng.reporters.JUnitReportReporter -->
<testsuite hostname="LAPTOP-5ULR2249" failures="0" tests="2" name="Mobile_App.appDemo.LoginPage" time="185.348" errors="0" timestamp="1 Jan 2026 13:15:39 GMT">
  <testcase classname="Mobile_App.appDemo.LoginPage" name="verifyLogin" time="181.175"/>
  <testcase classname="Mobile_App.appDemo.LoginPage" name="validateMobileNumberInDB" time="4.173"/>
</testsuite> <!-- Mobile_App.appDemo.LoginPage -->
